#! /home1/c/cis571/tools/bin/vvp
:ivl_version "11.0 (stable)" "(v11_0)";
:ivl_delay_selection "TYPICAL";
:vpi_time_precision - 12;
:vpi_module "/home1/c/cis571/tools/lib64/ivl/system.vpi";
:vpi_module "/home1/c/cis571/tools/lib64/ivl/vhdl_sys.vpi";
:vpi_module "/home1/c/cis571/tools/lib64/ivl/vhdl_textio.vpi";
:vpi_module "/home1/c/cis571/tools/lib64/ivl/v2005_math.vpi";
:vpi_module "/home1/c/cis571/tools/lib64/ivl/va_math.vpi";
S_0xad37d0 .scope module, "test_adders" "test_adders" 2 14;
 .timescale -9 -12;
L_0x7f56596b6060 .functor BUFT 1, C4<0>, C4<0>, C4<0>, C4<0>;
v0xb09020_0 .net *"_ivl_10", 0 0, L_0x7f56596b6060;  1 drivers
v0xb09100_0 .net *"_ivl_11", 1 0, L_0xb0bc60;  1 drivers
v0xb091e0_0 .net *"_ivl_13", 1 0, L_0xb0be10;  1 drivers
L_0x7f56596b60a8 .functor BUFT 1, C4<0>, C4<0>, C4<0>, C4<0>;
v0xb092d0_0 .net *"_ivl_16", 0 0, L_0x7f56596b60a8;  1 drivers
v0xb093b0_0 .net *"_ivl_17", 1 0, L_0xb0bf40;  1 drivers
v0xb094e0_0 .net *"_ivl_22", 2 0, L_0xb0ced0;  1 drivers
L_0x7f56596b60f0 .functor BUFT 1, C4<0>, C4<0>, C4<0>, C4<0>;
v0xb095c0_0 .net *"_ivl_25", 0 0, L_0x7f56596b60f0;  1 drivers
v0xb096a0_0 .net *"_ivl_26", 2 0, L_0xb0d060;  1 drivers
L_0x7f56596b6138 .functor BUFT 1, C4<0>, C4<0>, C4<0>, C4<0>;
v0xb09780_0 .net *"_ivl_29", 0 0, L_0x7f56596b6138;  1 drivers
v0xb098f0_0 .net *"_ivl_3", 1 0, L_0xb0ba50;  1 drivers
v0xb099d0_0 .net *"_ivl_30", 2 0, L_0xb0d190;  1 drivers
v0xb09ab0_0 .net *"_ivl_32", 2 0, L_0xb0d3b0;  1 drivers
L_0x7f56596b6180 .functor BUFT 1, C4<00>, C4<0>, C4<0>, C4<0>;
v0xb09b90_0 .net *"_ivl_35", 1 0, L_0x7f56596b6180;  1 drivers
v0xb09c70_0 .net *"_ivl_36", 2 0, L_0xb0d4a0;  1 drivers
v0xb09d50_0 .net *"_ivl_42", 3 0, L_0xb0fa10;  1 drivers
L_0x7f56596b6018 .functor BUFT 1, C4<0>, C4<0>, C4<0>, C4<0>;
v0xb09e30_0 .net *"_ivl_6", 0 0, L_0x7f56596b6018;  1 drivers
v0xb09f10_0 .net *"_ivl_7", 1 0, L_0xb0bb40;  1 drivers
v0xb09ff0_0 .var "a", 0 0;
v0xb0a090_0 .var "a2", 1 0;
v0xb0a150_0 .var "a4", 3 0;
v0xb0a210_0 .net "actual_fa2_cout", 0 0, L_0xb0c990;  1 drivers
v0xb0a2b0_0 .net "actual_fa2_sum", 1 0, L_0xb0cca0;  1 drivers
v0xb0a370_0 .net "actual_fa_cout", 0 0, L_0xb0b7c0;  1 drivers
v0xb0a440_0 .net "actual_fa_sum", 0 0, L_0xb0b5f0;  1 drivers
v0xb0a530_0 .net "actual_ha_cout", 0 0, L_0xb0b420;  1 drivers
v0xb0a5d0_0 .net "actual_ha_sum", 0 0, L_0xb0b290;  1 drivers
v0xb0a6a0_0 .net "actual_rca4_sum", 7 0, L_0xb0f6b0;  1 drivers
v0xb0a770_0 .var "b", 0 0;
v0xb0a810_0 .var "b2", 1 0;
v0xb0a8e0_0 .var "b4", 3 0;
v0xb0a980_0 .var "cin", 0 0;
v0xb0aa20_0 .var/i "errors", 31 0;
v0xb0aac0_0 .net "exp_fa2_cout", 0 0, L_0xb0cd40;  1 drivers
v0xb0ad90_0 .net "exp_fa2_sum", 1 0, L_0xb0ce30;  1 drivers
v0xb0ae70_0 .net "exp_fa_cout", 0 0, L_0xb0b8c0;  1 drivers
v0xb0af30_0 .net "exp_fa_sum", 0 0, L_0xb0b960;  1 drivers
v0xb0aff0_0 .net "exp_rca4_sum", 3 0, L_0xb0f8e0;  1 drivers
v0xb0b0d0_0 .var/i "i", 31 0;
v0xb0b1b0_0 .var/i "tests", 31 0;
L_0xb0b8c0 .part L_0xb0bf40, 1, 1;
L_0xb0b960 .part L_0xb0bf40, 0, 1;
L_0xb0ba50 .concat [ 1 1 0 0], v0xb09ff0_0, L_0x7f56596b6018;
L_0xb0bb40 .concat [ 1 1 0 0], v0xb0a770_0, L_0x7f56596b6060;
L_0xb0bc60 .arith/sum 2, L_0xb0ba50, L_0xb0bb40;
L_0xb0be10 .concat [ 1 1 0 0], v0xb0a980_0, L_0x7f56596b60a8;
L_0xb0bf40 .arith/sum 2, L_0xb0bc60, L_0xb0be10;
L_0xb0cd40 .part L_0xb0d4a0, 2, 1;
L_0xb0ce30 .part L_0xb0d4a0, 0, 2;
L_0xb0ced0 .concat [ 2 1 0 0], v0xb0a090_0, L_0x7f56596b60f0;
L_0xb0d060 .concat [ 2 1 0 0], v0xb0a810_0, L_0x7f56596b6138;
L_0xb0d190 .arith/sum 3, L_0xb0ced0, L_0xb0d060;
L_0xb0d3b0 .concat [ 1 2 0 0], v0xb0a980_0, L_0x7f56596b6180;
L_0xb0d4a0 .arith/sum 3, L_0xb0d190, L_0xb0d3b0;
L_0xb0f840 .concat [ 4 4 0 0], v0xb0a150_0, v0xb0a8e0_0;
L_0xb0f8e0 .part L_0xb0fa10, 0, 4;
L_0xb0fa10 .arith/sum 4, v0xb0a150_0, v0xb0a8e0_0;
S_0xace580 .scope module, "fa" "fulladder" 2 31, 3 20 0, S_0xad37d0;
 .timescale -9 -12;
    .port_info 0 /INPUT 1 "cin";
    .port_info 1 /INPUT 1 "a";
    .port_info 2 /INPUT 1 "b";
    .port_info 3 /OUTPUT 1 "s";
    .port_info 4 /OUTPUT 1 "cout";
L_0xb0b7c0 .functor OR 1, L_0xb0b560, L_0xb0b730, C4<0>, C4<0>;
v0xafe280_0 .net "a", 0 0, v0xb09ff0_0;  1 drivers
v0xafe340_0 .net "b", 0 0, v0xb0a770_0;  1 drivers
v0xafe410_0 .net "cin", 0 0, v0xb0a980_0;  1 drivers
v0xafe510_0 .net "cout", 0 0, L_0xb0b7c0;  alias, 1 drivers
v0xafe5b0_0 .net "cout_tmp1", 0 0, L_0xb0b560;  1 drivers
v0xafe6a0_0 .net "cout_tmp2", 0 0, L_0xb0b730;  1 drivers
v0xafe770_0 .net "s", 0 0, L_0xb0b5f0;  alias, 1 drivers
v0xafe840_0 .net "s_tmp", 0 0, L_0xb0b4b0;  1 drivers
S_0xad41b0 .scope module, "h0" "halfadder" 3 27, 3 10 0, S_0xace580;
 .timescale -9 -12;
    .port_info 0 /INPUT 1 "a";
    .port_info 1 /INPUT 1 "b";
    .port_info 2 /OUTPUT 1 "s";
    .port_info 3 /OUTPUT 1 "cout";
L_0xb0b4b0 .functor XOR 1, v0xb09ff0_0, v0xb0a770_0, C4<0>, C4<0>;
L_0xb0b560 .functor AND 1, v0xb09ff0_0, v0xb0a770_0, C4<1>, C4<1>;
v0xacf5a0_0 .net "a", 0 0, v0xb09ff0_0;  alias, 1 drivers
v0xafda60_0 .net "b", 0 0, v0xb0a770_0;  alias, 1 drivers
v0xafdb20_0 .net "cout", 0 0, L_0xb0b560;  alias, 1 drivers
v0xafdbc0_0 .net "s", 0 0, L_0xb0b4b0;  alias, 1 drivers
S_0xafdd00 .scope module, "h1" "halfadder" 3 28, 3 10 0, S_0xace580;
 .timescale -9 -12;
    .port_info 0 /INPUT 1 "a";
    .port_info 1 /INPUT 1 "b";
    .port_info 2 /OUTPUT 1 "s";
    .port_info 3 /OUTPUT 1 "cout";
L_0xb0b5f0 .functor XOR 1, L_0xb0b4b0, v0xb0a980_0, C4<0>, C4<0>;
L_0xb0b730 .functor AND 1, L_0xb0b4b0, v0xb0a980_0, C4<1>, C4<1>;
v0xafdf00_0 .net "a", 0 0, L_0xb0b4b0;  alias, 1 drivers
v0xafdfa0_0 .net "b", 0 0, v0xb0a980_0;  alias, 1 drivers
v0xafe040_0 .net "cout", 0 0, L_0xb0b730;  alias, 1 drivers
v0xafe110_0 .net "s", 0 0, L_0xb0b5f0;  alias, 1 drivers
S_0xafe930 .scope module, "fa2" "fulladder2" 2 39, 3 33 0, S_0xad37d0;
 .timescale -9 -12;
    .port_info 0 /INPUT 1 "cin";
    .port_info 1 /INPUT 2 "a";
    .port_info 2 /INPUT 2 "b";
    .port_info 3 /OUTPUT 2 "s";
    .port_info 4 /OUTPUT 1 "cout";
v0xb01490_0 .net "a", 1 0, v0xb0a090_0;  1 drivers
v0xb01590_0 .net "b", 1 0, v0xb0a810_0;  1 drivers
v0xb01670_0 .net "cin", 0 0, v0xb0a980_0;  alias, 1 drivers
v0xb01710_0 .net "cout", 0 0, L_0xb0c990;  alias, 1 drivers
v0xb017e0_0 .net "cout_tmp", 0 0, L_0xb0c310;  1 drivers
v0xb01880_0 .net "s", 1 0, L_0xb0cca0;  alias, 1 drivers
L_0xb0c3a0 .part v0xb0a090_0, 0, 1;
L_0xb0c460 .part v0xb0a810_0, 0, 1;
L_0xb0ca40 .part v0xb0a090_0, 1, 1;
L_0xb0cb70 .part v0xb0a810_0, 1, 1;
L_0xb0cca0 .concat8 [ 1 1 0 0], L_0xb0c1e0, L_0xb0c770;
S_0xafeb10 .scope module, "a0" "fulladder" 3 40, 3 20 0, S_0xafe930;
 .timescale -9 -12;
    .port_info 0 /INPUT 1 "cin";
    .port_info 1 /INPUT 1 "a";
    .port_info 2 /INPUT 1 "b";
    .port_info 3 /OUTPUT 1 "s";
    .port_info 4 /OUTPUT 1 "cout";
L_0xb0c310 .functor OR 1, L_0xb0c120, L_0xb0c2a0, C4<0>, C4<0>;
v0xaff960_0 .net "a", 0 0, L_0xb0c3a0;  1 drivers
v0xaffa20_0 .net "b", 0 0, L_0xb0c460;  1 drivers
v0xaffaf0_0 .net "cin", 0 0, v0xb0a980_0;  alias, 1 drivers
v0xaffbc0_0 .net "cout", 0 0, L_0xb0c310;  alias, 1 drivers
v0xaffc60_0 .net "cout_tmp1", 0 0, L_0xb0c120;  1 drivers
v0xaffd50_0 .net "cout_tmp2", 0 0, L_0xb0c2a0;  1 drivers
v0xaffe20_0 .net "s", 0 0, L_0xb0c1e0;  1 drivers
v0xaffef0_0 .net "s_tmp", 0 0, L_0xb0bd00;  1 drivers
S_0xafeda0 .scope module, "h0" "halfadder" 3 27, 3 10 0, S_0xafeb10;
 .timescale -9 -12;
    .port_info 0 /INPUT 1 "a";
    .port_info 1 /INPUT 1 "b";
    .port_info 2 /OUTPUT 1 "s";
    .port_info 3 /OUTPUT 1 "cout";
L_0xb0bd00 .functor XOR 1, L_0xb0c3a0, L_0xb0c460, C4<0>, C4<0>;
L_0xb0c120 .functor AND 1, L_0xb0c3a0, L_0xb0c460, C4<1>, C4<1>;
v0xafefd0_0 .net "a", 0 0, L_0xb0c3a0;  alias, 1 drivers
v0xaff0b0_0 .net "b", 0 0, L_0xb0c460;  alias, 1 drivers
v0xaff170_0 .net "cout", 0 0, L_0xb0c120;  alias, 1 drivers
v0xaff240_0 .net "s", 0 0, L_0xb0bd00;  alias, 1 drivers
S_0xaff3b0 .scope module, "h1" "halfadder" 3 28, 3 10 0, S_0xafeb10;
 .timescale -9 -12;
    .port_info 0 /INPUT 1 "a";
    .port_info 1 /INPUT 1 "b";
    .port_info 2 /OUTPUT 1 "s";
    .port_info 3 /OUTPUT 1 "cout";
L_0xb0c1e0 .functor XOR 1, L_0xb0bd00, v0xb0a980_0, C4<0>, C4<0>;
L_0xb0c2a0 .functor AND 1, L_0xb0bd00, v0xb0a980_0, C4<1>, C4<1>;
v0xaff5b0_0 .net "a", 0 0, L_0xb0bd00;  alias, 1 drivers
v0xaff680_0 .net "b", 0 0, v0xb0a980_0;  alias, 1 drivers
v0xaff770_0 .net "cout", 0 0, L_0xb0c2a0;  alias, 1 drivers
v0xaff810_0 .net "s", 0 0, L_0xb0c1e0;  alias, 1 drivers
S_0xafffe0 .scope module, "a1" "fulladder" 3 41, 3 20 0, S_0xafe930;
 .timescale -9 -12;
    .port_info 0 /INPUT 1 "cin";
    .port_info 1 /INPUT 1 "a";
    .port_info 2 /INPUT 1 "b";
    .port_info 3 /OUTPUT 1 "s";
    .port_info 4 /OUTPUT 1 "cout";
L_0xb0c990 .functor OR 1, L_0xb0c690, L_0xb0c900, C4<0>, C4<0>;
v0xb00df0_0 .net "a", 0 0, L_0xb0ca40;  1 drivers
v0xb00eb0_0 .net "b", 0 0, L_0xb0cb70;  1 drivers
v0xb00f80_0 .net "cin", 0 0, L_0xb0c310;  alias, 1 drivers
v0xb010a0_0 .net "cout", 0 0, L_0xb0c990;  alias, 1 drivers
v0xb01140_0 .net "cout_tmp1", 0 0, L_0xb0c690;  1 drivers
v0xb01230_0 .net "cout_tmp2", 0 0, L_0xb0c900;  1 drivers
v0xb012d0_0 .net "s", 0 0, L_0xb0c770;  1 drivers
v0xb013a0_0 .net "s_tmp", 0 0, L_0xb0c590;  1 drivers
S_0xb00260 .scope module, "h0" "halfadder" 3 27, 3 10 0, S_0xafffe0;
 .timescale -9 -12;
    .port_info 0 /INPUT 1 "a";
    .port_info 1 /INPUT 1 "b";
    .port_info 2 /OUTPUT 1 "s";
    .port_info 3 /OUTPUT 1 "cout";
L_0xb0c590 .functor XOR 1, L_0xb0ca40, L_0xb0cb70, C4<0>, C4<0>;
L_0xb0c690 .functor AND 1, L_0xb0ca40, L_0xb0cb70, C4<1>, C4<1>;
v0xb00470_0 .net "a", 0 0, L_0xb0ca40;  alias, 1 drivers
v0xb00550_0 .net "b", 0 0, L_0xb0cb70;  alias, 1 drivers
v0xb00610_0 .net "cout", 0 0, L_0xb0c690;  alias, 1 drivers
v0xb006e0_0 .net "s", 0 0, L_0xb0c590;  alias, 1 drivers
S_0xb00850 .scope module, "h1" "halfadder" 3 28, 3 10 0, S_0xafffe0;
 .timescale -9 -12;
    .port_info 0 /INPUT 1 "a";
    .port_info 1 /INPUT 1 "b";
    .port_info 2 /OUTPUT 1 "s";
    .port_info 3 /OUTPUT 1 "cout";
L_0xb0c770 .functor XOR 1, L_0xb0c590, L_0xb0c310, C4<0>, C4<0>;
L_0xb0c900 .functor AND 1, L_0xb0c590, L_0xb0c310, C4<1>, C4<1>;
v0xb00a50_0 .net "a", 0 0, L_0xb0c590;  alias, 1 drivers
v0xb00b20_0 .net "b", 0 0, L_0xb0c310;  alias, 1 drivers
v0xb00bf0_0 .net "cout", 0 0, L_0xb0c900;  alias, 1 drivers
v0xb00cc0_0 .net "s", 0 0, L_0xb0c770;  alias, 1 drivers
S_0xb019c0 .scope module, "ha" "halfadder" 2 26, 3 10 0, S_0xad37d0;
 .timescale -9 -12;
    .port_info 0 /INPUT 1 "a";
    .port_info 1 /INPUT 1 "b";
    .port_info 2 /OUTPUT 1 "s";
    .port_info 3 /OUTPUT 1 "cout";
L_0xb0b290 .functor XOR 1, v0xb09ff0_0, v0xb0a770_0, C4<0>, C4<0>;
L_0xb0b420 .functor AND 1, v0xb09ff0_0, v0xb0a770_0, C4<1>, C4<1>;
v0xb01bd0_0 .net "a", 0 0, v0xb09ff0_0;  alias, 1 drivers
v0xb01cc0_0 .net "b", 0 0, v0xb0a770_0;  alias, 1 drivers
v0xb01dd0_0 .net "cout", 0 0, L_0xb0b420;  alias, 1 drivers
v0xb01e70_0 .net "s", 0 0, L_0xb0b290;  alias, 1 drivers
S_0xb01f90 .scope task, "printPoints" "printPoints" 4 1, 4 1 0, S_0xad37d0;
 .timescale -9 -12;
v0xb02170_0 .var "actual", 31 0;
v0xb02270_0 .var "possible", 31 0;
TD_test_adders.printPoints ;
    %vpi_call 4 4 "$display", "<scorePossible>%d</scorePossible>", v0xb02270_0 {0 0 0};
    %vpi_call 4 5 "$display", "<scoreActual>%d</scoreActual>", v0xb02170_0 {0 0 0};
    %end;
S_0xb02350 .scope module, "r0" "rca4" 2 45, 3 47 0, S_0xad37d0;
 .timescale -9 -12;
    .port_info 0 /INPUT 8 "SWITCH";
    .port_info 1 /OUTPUT 8 "LED";
v0xb08c80_0 .net "LED", 7 0, L_0xb0f6b0;  alias, 1 drivers
v0xb08d80_0 .net "SWITCH", 7 0, L_0xb0f840;  1 drivers
L_0x7f56596b6210 .functor BUFT 1, C4<0000>, C4<0>, C4<0>, C4<0>;
v0xb08e60_0 .net/2u *"_ivl_17", 3 0, L_0x7f56596b6210;  1 drivers
v0xb08f20_0 .net "cout0", 0 0, L_0xb0e010;  1 drivers
L_0xb0e3c0 .part L_0xb0f840, 0, 2;
L_0xb0e460 .part L_0xb0f840, 4, 2;
L_0xb0f4e0 .part L_0xb0f840, 2, 2;
L_0xb0f580 .part L_0xb0f840, 6, 2;
L_0xb0f6b0 .concat8 [ 2 2 4 0], L_0xb0e320, L_0xb0f440, L_0x7f56596b6210;
S_0xb025a0 .scope module, "a0" "fulladder2" 3 50, 3 33 0, S_0xb02350;
 .timescale -9 -12;
    .port_info 0 /INPUT 1 "cin";
    .port_info 1 /INPUT 2 "a";
    .port_info 2 /INPUT 2 "b";
    .port_info 3 /OUTPUT 2 "s";
    .port_info 4 /OUTPUT 1 "cout";
v0xb05360_0 .net "a", 1 0, L_0xb0e3c0;  1 drivers
v0xb05460_0 .net "b", 1 0, L_0xb0e460;  1 drivers
L_0x7f56596b61c8 .functor BUFT 1, C4<0>, C4<0>, C4<0>, C4<0>;
v0xb05540_0 .net "cin", 0 0, L_0x7f56596b61c8;  1 drivers
v0xb05630_0 .net "cout", 0 0, L_0xb0e010;  alias, 1 drivers
v0xb056d0_0 .net "cout_tmp", 0 0, L_0xb0d9a0;  1 drivers
v0xb057c0_0 .net "s", 1 0, L_0xb0e320;  1 drivers
L_0xb0dac0 .part L_0xb0e3c0, 0, 1;
L_0xb0dbf0 .part L_0xb0e460, 0, 1;
L_0xb0e0c0 .part L_0xb0e3c0, 1, 1;
L_0xb0e1f0 .part L_0xb0e460, 1, 1;
L_0xb0e320 .concat8 [ 1 1 0 0], L_0xb0d750, L_0xb0de40;
S_0xb02820 .scope module, "a0" "fulladder" 3 40, 3 20 0, S_0xb025a0;
 .timescale -9 -12;
    .port_info 0 /INPUT 1 "cin";
    .port_info 1 /INPUT 1 "a";
    .port_info 2 /INPUT 1 "b";
    .port_info 3 /OUTPUT 1 "s";
    .port_info 4 /OUTPUT 1 "cout";
L_0xb0d9a0 .functor OR 1, L_0xb0d230, L_0xb0d8a0, C4<0>, C4<0>;
v0xb03740_0 .net "a", 0 0, L_0xb0dac0;  1 drivers
v0xb03800_0 .net "b", 0 0, L_0xb0dbf0;  1 drivers
v0xb038d0_0 .net "cin", 0 0, L_0x7f56596b61c8;  alias, 1 drivers
v0xb039d0_0 .net "cout", 0 0, L_0xb0d9a0;  alias, 1 drivers
v0xb03a70_0 .net "cout_tmp1", 0 0, L_0xb0d230;  1 drivers
v0xb03b60_0 .net "cout_tmp2", 0 0, L_0xb0d8a0;  1 drivers
v0xb03c30_0 .net "s", 0 0, L_0xb0d750;  1 drivers
v0xb03d00_0 .net "s_tmp", 0 0, L_0xb0d340;  1 drivers
S_0xb02aa0 .scope module, "h0" "halfadder" 3 27, 3 10 0, S_0xb02820;
 .timescale -9 -12;
    .port_info 0 /INPUT 1 "a";
    .port_info 1 /INPUT 1 "b";
    .port_info 2 /OUTPUT 1 "s";
    .port_info 3 /OUTPUT 1 "cout";
L_0xb0d340 .functor XOR 1, L_0xb0dac0, L_0xb0dbf0, C4<0>, C4<0>;
L_0xb0d230 .functor AND 1, L_0xb0dac0, L_0xb0dbf0, C4<1>, C4<1>;
v0xb02d40_0 .net "a", 0 0, L_0xb0dac0;  alias, 1 drivers
v0xb02e20_0 .net "b", 0 0, L_0xb0dbf0;  alias, 1 drivers
v0xb02ee0_0 .net "cout", 0 0, L_0xb0d230;  alias, 1 drivers
v0xb02fb0_0 .net "s", 0 0, L_0xb0d340;  alias, 1 drivers
S_0xb03120 .scope module, "h1" "halfadder" 3 28, 3 10 0, S_0xb02820;
 .timescale -9 -12;
    .port_info 0 /INPUT 1 "a";
    .port_info 1 /INPUT 1 "b";
    .port_info 2 /OUTPUT 1 "s";
    .port_info 3 /OUTPUT 1 "cout";
L_0xb0d750 .functor XOR 1, L_0xb0d340, L_0x7f56596b61c8, C4<0>, C4<0>;
L_0xb0d8a0 .functor AND 1, L_0xb0d340, L_0x7f56596b61c8, C4<1>, C4<1>;
v0xb03390_0 .net "a", 0 0, L_0xb0d340;  alias, 1 drivers
v0xb03460_0 .net "b", 0 0, L_0x7f56596b61c8;  alias, 1 drivers
v0xb03500_0 .net "cout", 0 0, L_0xb0d8a0;  alias, 1 drivers
v0xb035d0_0 .net "s", 0 0, L_0xb0d750;  alias, 1 drivers
S_0xb03df0 .scope module, "a1" "fulladder" 3 41, 3 20 0, S_0xb025a0;
 .timescale -9 -12;
    .port_info 0 /INPUT 1 "cin";
    .port_info 1 /INPUT 1 "a";
    .port_info 2 /INPUT 1 "b";
    .port_info 3 /OUTPUT 1 "s";
    .port_info 4 /OUTPUT 1 "cout";
L_0xb0e010 .functor OR 1, L_0xb0ddb0, L_0xb0df80, C4<0>, C4<0>;
v0xb04cc0_0 .net "a", 0 0, L_0xb0e0c0;  1 drivers
v0xb04d80_0 .net "b", 0 0, L_0xb0e1f0;  1 drivers
v0xb04e50_0 .net "cin", 0 0, L_0xb0d9a0;  alias, 1 drivers
v0xb04f70_0 .net "cout", 0 0, L_0xb0e010;  alias, 1 drivers
v0xb05010_0 .net "cout_tmp1", 0 0, L_0xb0ddb0;  1 drivers
v0xb05100_0 .net "cout_tmp2", 0 0, L_0xb0df80;  1 drivers
v0xb051a0_0 .net "s", 0 0, L_0xb0de40;  1 drivers
v0xb05270_0 .net "s_tmp", 0 0, L_0xb0dd20;  1 drivers
S_0xb04050 .scope module, "h0" "halfadder" 3 27, 3 10 0, S_0xb03df0;
 .timescale -9 -12;
    .port_info 0 /INPUT 1 "a";
    .port_info 1 /INPUT 1 "b";
    .port_info 2 /OUTPUT 1 "s";
    .port_info 3 /OUTPUT 1 "cout";
L_0xb0dd20 .functor XOR 1, L_0xb0e0c0, L_0xb0e1f0, C4<0>, C4<0>;
L_0xb0ddb0 .functor AND 1, L_0xb0e0c0, L_0xb0e1f0, C4<1>, C4<1>;
v0xb042d0_0 .net "a", 0 0, L_0xb0e0c0;  alias, 1 drivers
v0xb043b0_0 .net "b", 0 0, L_0xb0e1f0;  alias, 1 drivers
v0xb04470_0 .net "cout", 0 0, L_0xb0ddb0;  alias, 1 drivers
v0xb04540_0 .net "s", 0 0, L_0xb0dd20;  alias, 1 drivers
S_0xb046b0 .scope module, "h1" "halfadder" 3 28, 3 10 0, S_0xb03df0;
 .timescale -9 -12;
    .port_info 0 /INPUT 1 "a";
    .port_info 1 /INPUT 1 "b";
    .port_info 2 /OUTPUT 1 "s";
    .port_info 3 /OUTPUT 1 "cout";
L_0xb0de40 .functor XOR 1, L_0xb0dd20, L_0xb0d9a0, C4<0>, C4<0>;
L_0xb0df80 .functor AND 1, L_0xb0dd20, L_0xb0d9a0, C4<1>, C4<1>;
v0xb04920_0 .net "a", 0 0, L_0xb0dd20;  alias, 1 drivers
v0xb049f0_0 .net "b", 0 0, L_0xb0d9a0;  alias, 1 drivers
v0xb04ac0_0 .net "cout", 0 0, L_0xb0df80;  alias, 1 drivers
v0xb04b90_0 .net "s", 0 0, L_0xb0de40;  alias, 1 drivers
S_0xb05900 .scope module, "a3" "fulladder2" 3 51, 3 33 0, S_0xb02350;
 .timescale -9 -12;
    .port_info 0 /INPUT 1 "cin";
    .port_info 1 /INPUT 2 "a";
    .port_info 2 /INPUT 2 "b";
    .port_info 3 /OUTPUT 2 "s";
    .port_info 4 /OUTPUT 1 "cout";
v0xb086c0_0 .net "a", 1 0, L_0xb0f4e0;  1 drivers
v0xb087c0_0 .net "b", 1 0, L_0xb0f580;  1 drivers
v0xb088a0_0 .net "cin", 0 0, L_0xb0e010;  alias, 1 drivers
v0xb089d0_0 .net "cout", 0 0, L_0xb0f0e0;  1 drivers
v0xb08aa0_0 .net "cout_tmp", 0 0, L_0xb0ea90;  1 drivers
v0xb08b40_0 .net "s", 1 0, L_0xb0f440;  1 drivers
L_0xb0eb40 .part L_0xb0f4e0, 0, 1;
L_0xb0ec70 .part L_0xb0f580, 0, 1;
L_0xb0f1e0 .part L_0xb0f4e0, 1, 1;
L_0xb0f310 .part L_0xb0f580, 1, 1;
L_0xb0f440 .concat8 [ 1 1 0 0], L_0xb0e760, L_0xb0eec0;
S_0xb05b80 .scope module, "a0" "fulladder" 3 40, 3 20 0, S_0xb05900;
 .timescale -9 -12;
    .port_info 0 /INPUT 1 "cin";
    .port_info 1 /INPUT 1 "a";
    .port_info 2 /INPUT 1 "b";
    .port_info 3 /OUTPUT 1 "s";
    .port_info 4 /OUTPUT 1 "cout";
L_0xb0ea90 .functor OR 1, L_0xb0e680, L_0xb0e8f0, C4<0>, C4<0>;
v0xb06ab0_0 .net "a", 0 0, L_0xb0eb40;  1 drivers
v0xb06b70_0 .net "b", 0 0, L_0xb0ec70;  1 drivers
v0xb06c40_0 .net "cin", 0 0, L_0xb0e010;  alias, 1 drivers
v0xb06d10_0 .net "cout", 0 0, L_0xb0ea90;  alias, 1 drivers
v0xb06db0_0 .net "cout_tmp1", 0 0, L_0xb0e680;  1 drivers
v0xb06ea0_0 .net "cout_tmp2", 0 0, L_0xb0e8f0;  1 drivers
v0xb06f70_0 .net "s", 0 0, L_0xb0e760;  1 drivers
v0xb07040_0 .net "s_tmp", 0 0, L_0xb0e550;  1 drivers
S_0xb05e10 .scope module, "h0" "halfadder" 3 27, 3 10 0, S_0xb05b80;
 .timescale -9 -12;
    .port_info 0 /INPUT 1 "a";
    .port_info 1 /INPUT 1 "b";
    .port_info 2 /OUTPUT 1 "s";
    .port_info 3 /OUTPUT 1 "cout";
L_0xb0e550 .functor XOR 1, L_0xb0eb40, L_0xb0ec70, C4<0>, C4<0>;
L_0xb0e680 .functor AND 1, L_0xb0eb40, L_0xb0ec70, C4<1>, C4<1>;
v0xb060b0_0 .net "a", 0 0, L_0xb0eb40;  alias, 1 drivers
v0xb06190_0 .net "b", 0 0, L_0xb0ec70;  alias, 1 drivers
v0xb06250_0 .net "cout", 0 0, L_0xb0e680;  alias, 1 drivers
v0xb06320_0 .net "s", 0 0, L_0xb0e550;  alias, 1 drivers
S_0xb06490 .scope module, "h1" "halfadder" 3 28, 3 10 0, S_0xb05b80;
 .timescale -9 -12;
    .port_info 0 /INPUT 1 "a";
    .port_info 1 /INPUT 1 "b";
    .port_info 2 /OUTPUT 1 "s";
    .port_info 3 /OUTPUT 1 "cout";
L_0xb0e760 .functor XOR 1, L_0xb0e550, L_0xb0e010, C4<0>, C4<0>;
L_0xb0e8f0 .functor AND 1, L_0xb0e550, L_0xb0e010, C4<1>, C4<1>;
v0xb06700_0 .net "a", 0 0, L_0xb0e550;  alias, 1 drivers
v0xb067d0_0 .net "b", 0 0, L_0xb0e010;  alias, 1 drivers
v0xb068c0_0 .net "cout", 0 0, L_0xb0e8f0;  alias, 1 drivers
v0xb06960_0 .net "s", 0 0, L_0xb0e760;  alias, 1 drivers
S_0xb07130 .scope module, "a1" "fulladder" 3 41, 3 20 0, S_0xb05900;
 .timescale -9 -12;
    .port_info 0 /INPUT 1 "cin";
    .port_info 1 /INPUT 1 "a";
    .port_info 2 /INPUT 1 "b";
    .port_info 3 /OUTPUT 1 "s";
    .port_info 4 /OUTPUT 1 "cout";
L_0xb0f0e0 .functor OR 1, L_0xb0ee30, L_0xb0f050, C4<0>, C4<0>;
v0xb08020_0 .net "a", 0 0, L_0xb0f1e0;  1 drivers
v0xb080e0_0 .net "b", 0 0, L_0xb0f310;  1 drivers
v0xb081b0_0 .net "cin", 0 0, L_0xb0ea90;  alias, 1 drivers
v0xb082d0_0 .net "cout", 0 0, L_0xb0f0e0;  alias, 1 drivers
v0xb08370_0 .net "cout_tmp1", 0 0, L_0xb0ee30;  1 drivers
v0xb08460_0 .net "cout_tmp2", 0 0, L_0xb0f050;  1 drivers
v0xb08500_0 .net "s", 0 0, L_0xb0eec0;  1 drivers
v0xb085d0_0 .net "s_tmp", 0 0, L_0xb0eda0;  1 drivers
S_0xb073b0 .scope module, "h0" "halfadder" 3 27, 3 10 0, S_0xb07130;
 .timescale -9 -12;
    .port_info 0 /INPUT 1 "a";
    .port_info 1 /INPUT 1 "b";
    .port_info 2 /OUTPUT 1 "s";
    .port_info 3 /OUTPUT 1 "cout";
L_0xb0eda0 .functor XOR 1, L_0xb0f1e0, L_0xb0f310, C4<0>, C4<0>;
L_0xb0ee30 .functor AND 1, L_0xb0f1e0, L_0xb0f310, C4<1>, C4<1>;
v0xb07630_0 .net "a", 0 0, L_0xb0f1e0;  alias, 1 drivers
v0xb07710_0 .net "b", 0 0, L_0xb0f310;  alias, 1 drivers
v0xb077d0_0 .net "cout", 0 0, L_0xb0ee30;  alias, 1 drivers
v0xb078a0_0 .net "s", 0 0, L_0xb0eda0;  alias, 1 drivers
S_0xb07a10 .scope module, "h1" "halfadder" 3 28, 3 10 0, S_0xb07130;
 .timescale -9 -12;
    .port_info 0 /INPUT 1 "a";
    .port_info 1 /INPUT 1 "b";
    .port_info 2 /OUTPUT 1 "s";
    .port_info 3 /OUTPUT 1 "cout";
L_0xb0eec0 .functor XOR 1, L_0xb0eda0, L_0xb0ea90, C4<0>, C4<0>;
L_0xb0f050 .functor AND 1, L_0xb0eda0, L_0xb0ea90, C4<1>, C4<1>;
v0xb07c80_0 .net "a", 0 0, L_0xb0eda0;  alias, 1 drivers
v0xb07d50_0 .net "b", 0 0, L_0xb0ea90;  alias, 1 drivers
v0xb07e20_0 .net "cout", 0 0, L_0xb0f050;  alias, 1 drivers
v0xb07ef0_0 .net "s", 0 0, L_0xb0eec0;  alias, 1 drivers
    .scope S_0xad37d0;
T_1 ;
    %vpi_call 2 52 "$dumpfile", "rca.vcd" {0 0 0};
    %vpi_call 2 53 "$dumpvars" {0 0 0};
    %pushi/vec4 0, 0, 1;
    %store/vec4 v0xb09ff0_0, 0, 1;
    %pushi/vec4 0, 0, 1;
    %store/vec4 v0xb0a770_0, 0, 1;
    %pushi/vec4 0, 0, 32;
    %store/vec4 v0xb0aa20_0, 0, 32;
    %pushi/vec4 0, 0, 32;
    %store/vec4 v0xb0b1b0_0, 0, 32;
    %delay 100000, 0;
    %pushi/vec4 0, 0, 32;
    %store/vec4 v0xb0b0d0_0, 0, 32;
T_1.0 ;
    %load/vec4 v0xb0b0d0_0;
    %cmpi/s 3, 0, 32;
    %flag_or 5, 4;
    %jmp/0xz T_1.1, 5;
    %load/vec4 v0xb0b0d0_0;
    %parti/s 1, 0, 2;
    %store/vec4 v0xb09ff0_0, 0, 1;
    %load/vec4 v0xb0b0d0_0;
    %parti/s 1, 1, 2;
    %store/vec4 v0xb0a770_0, 0, 1;
    %delay 6000, 0;
    %load/vec4 v0xb0b1b0_0;
    %addi 2, 0, 32;
    %store/vec4 v0xb0b1b0_0, 0, 32;
    %load/vec4 v0xb0b0d0_0;
    %dup/vec4;
    %pushi/vec4 0, 0, 32;
    %cmp/u;
    %jmp/1 T_1.2, 6;
    %dup/vec4;
    %pushi/vec4 3, 0, 32;
    %cmp/u;
    %jmp/1 T_1.3, 6;
    %dup/vec4;
    %pushi/vec4 1, 0, 32;
    %cmp/u;
    %jmp/1 T_1.4, 6;
    %dup/vec4;
    %pushi/vec4 2, 0, 32;
    %cmp/u;
    %jmp/1 T_1.5, 6;
    %jmp T_1.6;
T_1.2 ;
    %load/vec4 v0xb0a5d0_0;
    %pad/u 32;
    %cmpi/ne 0, 0, 32;
    %jmp/0xz  T_1.7, 6;
    %load/vec4 v0xb0aa20_0;
    %cmpi/s 15, 0, 32;
    %jmp/0xz  T_1.9, 5;
    %vpi_call 2 78 "$display", "[halfadder] ERROR: %b + %b should produce sum=0 but was %b instead", v0xb09ff0_0, v0xb0a770_0, v0xb0a5d0_0 {0 0 0};
T_1.9 ;
    %load/vec4 v0xb0aa20_0;
    %addi 1, 0, 32;
    %store/vec4 v0xb0aa20_0, 0, 32;
T_1.7 ;
    %jmp T_1.6;
T_1.3 ;
    %load/vec4 v0xb0a5d0_0;
    %pad/u 32;
    %cmpi/ne 0, 0, 32;
    %jmp/0xz  T_1.11, 6;
    %load/vec4 v0xb0aa20_0;
    %cmpi/s 15, 0, 32;
    %jmp/0xz  T_1.13, 5;
    %vpi_call 2 78 "$display", "[halfadder] ERROR: %b + %b should produce sum=0 but was %b instead", v0xb09ff0_0, v0xb0a770_0, v0xb0a5d0_0 {0 0 0};
T_1.13 ;
    %load/vec4 v0xb0aa20_0;
    %addi 1, 0, 32;
    %store/vec4 v0xb0aa20_0, 0, 32;
T_1.11 ;
    %jmp T_1.6;
T_1.4 ;
    %load/vec4 v0xb0a5d0_0;
    %pad/u 32;
    %cmpi/ne 1, 0, 32;
    %jmp/0xz  T_1.15, 6;
    %load/vec4 v0xb0aa20_0;
    %cmpi/s 15, 0, 32;
    %jmp/0xz  T_1.17, 5;
    %vpi_call 2 85 "$display", "[halfadder] ERROR: %b + %b should produce sum=1 but was %b instead", v0xb09ff0_0, v0xb0a770_0, v0xb0a5d0_0 {0 0 0};
T_1.17 ;
    %load/vec4 v0xb0aa20_0;
    %addi 1, 0, 32;
    %store/vec4 v0xb0aa20_0, 0, 32;
T_1.15 ;
    %jmp T_1.6;
T_1.5 ;
    %load/vec4 v0xb0a5d0_0;
    %pad/u 32;
    %cmpi/ne 1, 0, 32;
    %jmp/0xz  T_1.19, 6;
    %load/vec4 v0xb0aa20_0;
    %cmpi/s 15, 0, 32;
    %jmp/0xz  T_1.21, 5;
    %vpi_call 2 85 "$display", "[halfadder] ERROR: %b + %b should produce sum=1 but was %b instead", v0xb09ff0_0, v0xb0a770_0, v0xb0a5d0_0 {0 0 0};
T_1.21 ;
    %load/vec4 v0xb0aa20_0;
    %addi 1, 0, 32;
    %store/vec4 v0xb0aa20_0, 0, 32;
T_1.19 ;
    %jmp T_1.6;
T_1.6 ;
    %pop/vec4 1;
    %load/vec4 v0xb0b0d0_0;
    %cmpi/s 3, 0, 32;
    %flag_get/vec4 5;
    %pushi/vec4 0, 0, 32;
    %load/vec4 v0xb0a530_0;
    %pad/u 32;
    %cmp/ne;
    %flag_get/vec4 6;
    %and;
    %flag_set/vec4 8;
    %jmp/0xz  T_1.23, 8;
    %load/vec4 v0xb0aa20_0;
    %cmpi/s 15, 0, 32;
    %jmp/0xz  T_1.25, 5;
    %vpi_call 2 94 "$display", "[halfadder] ERROR: %b + %b should produce cout=0 but was %b instead", v0xb09ff0_0, v0xb0a770_0, v0xb0a530_0 {0 0 0};
T_1.25 ;
    %load/vec4 v0xb0aa20_0;
    %addi 1, 0, 32;
    %store/vec4 v0xb0aa20_0, 0, 32;
T_1.23 ;
    %load/vec4 v0xb0b0d0_0;
    %pushi/vec4 3, 0, 32;
    %cmp/e;
    %flag_get/vec4 4;
    %pushi/vec4 1, 0, 32;
    %load/vec4 v0xb0a530_0;
    %pad/u 32;
    %cmp/ne;
    %flag_get/vec4 6;
    %and;
    %flag_set/vec4 8;
    %jmp/0xz  T_1.27, 8;
    %load/vec4 v0xb0aa20_0;
    %cmpi/s 15, 0, 32;
    %jmp/0xz  T_1.29, 5;
    %vpi_call 2 100 "$display", "[halfadder] ERROR: %b + %b should produce cout=1 but was %b instead", v0xb09ff0_0, v0xb0a770_0, v0xb0a530_0 {0 0 0};
T_1.29 ;
    %load/vec4 v0xb0aa20_0;
    %addi 1, 0, 32;
    %store/vec4 v0xb0aa20_0, 0, 32;
T_1.27 ;
    %load/vec4 v0xb0b0d0_0;
    %addi 1, 0, 32;
    %store/vec4 v0xb0b0d0_0, 0, 32;
    %jmp T_1.0;
T_1.1 ;
    %pushi/vec4 0, 0, 32;
    %store/vec4 v0xb0b0d0_0, 0, 32;
T_1.31 ;
    %load/vec4 v0xb0b0d0_0;
    %cmpi/s 7, 0, 32;
    %flag_or 5, 4;
    %jmp/0xz T_1.32, 5;
    %load/vec4 v0xb0b0d0_0;
    %parti/s 1, 0, 2;
    %store/vec4 v0xb09ff0_0, 0, 1;
    %load/vec4 v0xb0b0d0_0;
    %parti/s 1, 1, 2;
    %store/vec4 v0xb0a770_0, 0, 1;
    %load/vec4 v0xb0b0d0_0;
    %parti/s 1, 2, 3;
    %store/vec4 v0xb0a980_0, 0, 1;
    %delay 6000, 0;
    %load/vec4 v0xb0b1b0_0;
    %addi 2, 0, 32;
    %store/vec4 v0xb0b1b0_0, 0, 32;
    %load/vec4 v0xb0ae70_0;
    %load/vec4 v0xb0a370_0;
    %cmp/ne;
    %jmp/0xz  T_1.33, 6;
    %load/vec4 v0xb0aa20_0;
    %cmpi/s 15, 0, 32;
    %jmp/0xz  T_1.35, 5;
    %vpi_call 2 120 "$display", "[fulladder] ERROR: %b + %b should produce cout=%b but was %b instead", v0xb09ff0_0, v0xb0a770_0, v0xb0ae70_0, v0xb0a370_0 {0 0 0};
T_1.35 ;
    %load/vec4 v0xb0aa20_0;
    %addi 1, 0, 32;
    %store/vec4 v0xb0aa20_0, 0, 32;
T_1.33 ;
    %load/vec4 v0xb0af30_0;
    %load/vec4 v0xb0a440_0;
    %cmp/ne;
    %jmp/0xz  T_1.37, 6;
    %load/vec4 v0xb0aa20_0;
    %cmpi/s 15, 0, 32;
    %jmp/0xz  T_1.39, 5;
    %vpi_call 2 126 "$display", "[fulladder] ERROR: %b + %b should produce sum=%b but was %b instead", v0xb09ff0_0, v0xb0a770_0, v0xb0af30_0, v0xb0a440_0 {0 0 0};
T_1.39 ;
    %load/vec4 v0xb0aa20_0;
    %addi 1, 0, 32;
    %store/vec4 v0xb0aa20_0, 0, 32;
T_1.37 ;
    %load/vec4 v0xb0b0d0_0;
    %addi 1, 0, 32;
    %store/vec4 v0xb0b0d0_0, 0, 32;
    %jmp T_1.31;
T_1.32 ;
    %pushi/vec4 0, 0, 32;
    %store/vec4 v0xb0b0d0_0, 0, 32;
T_1.41 ;
    %load/vec4 v0xb0b0d0_0;
    %cmpi/s 31, 0, 32;
    %flag_or 5, 4;
    %jmp/0xz T_1.42, 5;
    %load/vec4 v0xb0b0d0_0;
    %parti/s 2, 0, 2;
    %store/vec4 v0xb0a090_0, 0, 2;
    %load/vec4 v0xb0b0d0_0;
    %parti/s 2, 2, 3;
    %store/vec4 v0xb0a810_0, 0, 2;
    %load/vec4 v0xb0b0d0_0;
    %parti/s 1, 4, 4;
    %store/vec4 v0xb0a980_0, 0, 1;
    %delay 6000, 0;
    %load/vec4 v0xb0b1b0_0;
    %addi 2, 0, 32;
    %store/vec4 v0xb0b1b0_0, 0, 32;
    %load/vec4 v0xb0aac0_0;
    %load/vec4 v0xb0a210_0;
    %cmp/ne;
    %jmp/0xz  T_1.43, 6;
    %load/vec4 v0xb0aa20_0;
    %cmpi/s 15, 0, 32;
    %jmp/0xz  T_1.45, 5;
    %vpi_call 2 145 "$display", "[fulladder2] ERROR: %b + %b should produce cout=%b but was %b instead", v0xb0a090_0, v0xb0a810_0, v0xb0aac0_0, v0xb0a210_0 {0 0 0};
T_1.45 ;
    %load/vec4 v0xb0aa20_0;
    %addi 1, 0, 32;
    %store/vec4 v0xb0aa20_0, 0, 32;
T_1.43 ;
    %load/vec4 v0xb0ad90_0;
    %load/vec4 v0xb0a2b0_0;
    %cmp/ne;
    %jmp/0xz  T_1.47, 6;
    %load/vec4 v0xb0aa20_0;
    %cmpi/s 15, 0, 32;
    %jmp/0xz  T_1.49, 5;
    %vpi_call 2 151 "$display", "[fulladder2] ERROR: %b + %b should produce sum=%b but was %b instead", v0xb0a090_0, v0xb0a810_0, v0xb0ad90_0, v0xb0a2b0_0 {0 0 0};
T_1.49 ;
    %load/vec4 v0xb0aa20_0;
    %addi 1, 0, 32;
    %store/vec4 v0xb0aa20_0, 0, 32;
T_1.47 ;
    %load/vec4 v0xb0b0d0_0;
    %addi 1, 0, 32;
    %store/vec4 v0xb0b0d0_0, 0, 32;
    %jmp T_1.41;
T_1.42 ;
    %pushi/vec4 0, 0, 32;
    %store/vec4 v0xb0b0d0_0, 0, 32;
T_1.51 ;
    %load/vec4 v0xb0b0d0_0;
    %cmpi/s 255, 0, 32;
    %flag_or 5, 4;
    %jmp/0xz T_1.52, 5;
    %load/vec4 v0xb0b0d0_0;
    %parti/s 4, 0, 2;
    %store/vec4 v0xb0a150_0, 0, 4;
    %load/vec4 v0xb0b0d0_0;
    %parti/s 4, 4, 4;
    %store/vec4 v0xb0a8e0_0, 0, 4;
    %delay 6000, 0;
    %load/vec4 v0xb0b1b0_0;
    %addi 1, 0, 32;
    %store/vec4 v0xb0b1b0_0, 0, 32;
    %load/vec4 v0xb0aff0_0;
    %pad/u 8;
    %load/vec4 v0xb0a6a0_0;
    %cmp/ne;
    %jmp/0xz  T_1.53, 6;
    %load/vec4 v0xb0aa20_0;
    %cmpi/s 15, 0, 32;
    %jmp/0xz  T_1.55, 5;
    %vpi_call 2 170 "$display", "[rca4] ERROR: %b + %b should produce sum=%b but was %b instead", v0xb0a150_0, v0xb0a8e0_0, v0xb0aff0_0, v0xb0a6a0_0 {0 0 0};
T_1.55 ;
    %load/vec4 v0xb0aa20_0;
    %addi 1, 0, 32;
    %store/vec4 v0xb0aa20_0, 0, 32;
T_1.53 ;
    %load/vec4 v0xb0b0d0_0;
    %addi 1, 0, 32;
    %store/vec4 v0xb0b0d0_0, 0, 32;
    %jmp T_1.51;
T_1.52 ;
    %load/vec4 v0xb0aa20_0;
    %cmpi/s 15, 0, 32;
    %flag_or 5, 4; GT is !LE
    %flag_inv 5;
    %jmp/0xz  T_1.57, 5;
    %load/vec4 v0xb0aa20_0;
    %subi 15, 0, 32;
    %vpi_call 2 177 "$display", "Additional %d errors NOT printed.", S<0,vec4,s32> {1 0 0};
T_1.57 ;
    %vpi_call 2 179 "$display", "Simulation finished: %d test cases %d errors", v0xb0b1b0_0, v0xb0aa20_0 {0 0 0};
    %load/vec4 v0xb0b1b0_0;
    %store/vec4 v0xb02270_0, 0, 32;
    %load/vec4 v0xb0b1b0_0;
    %load/vec4 v0xb0aa20_0;
    %sub;
    %store/vec4 v0xb02170_0, 0, 32;
    %fork TD_test_adders.printPoints, S_0xb01f90;
    %join;
    %vpi_call 2 181 "$finish" {0 0 0};
    %end;
    .thread T_1;
# The file index is used to find the file name in the following table.
:file_names 5;
    "N/A";
    "<interactive>";
    "rca_testbench.v";
    "rca.v";
    "./print_points.v";
